This is pdfTeX, Version 3.141592653-2.6-1.40.25 (TeX Live 2023) (preloaded format=latex 2023.3.31)  25 APR 2023 11:21
entering extended mode
 restricted \write18 enabled.
 %&-line parsing enabled.
**/usr/local/texlive/2023basic/texmf-dist/tex/plain/base/list.tex
(/usr/local/texlive/2023basic/texmf-dist/tex/plain/base/list.tex
LaTeX2e <2022-11-01> patch level 1
L3 programming layer <2023-03-30>
\m=\count185
\n=\count186
 
April 25, 2023 at 1121
! Undefined control sequence.
l.26 \nopagenumbers
                   
? list
Type <return> to proceed, S to scroll future error messages,
R to run without stopping, Q to run quietly,
I to insert something, E to edit your file,
1 or ... or 9 to ignore the next 1 to 9 tokens of input,
H for help, X to quit.
? x
 
Here is how much of TeX's memory you used:
 28 strings out of 477469
 619 string characters out of 5824021
 1849663 words of memory out of 5000000
 20375 multiletter control sequences out of 15000+600000
 513274 words of font info for 36 fonts, out of 8000000 for 9000
 319 hyphenation exceptions out of 8191
 13i,0n,12p,133b,10s stack positions out of 10000i,1000n,20000p,200000b,200000s
No pages of output.
